TN:
SF:src/ImpactCards.sol
FN:72,ImpactCards_Gen1.mint
FNDA:23,ImpactCards_Gen1.mint
DA:73,23
BRDA:73,0,0,-
BRDA:73,0,1,23
DA:74,23
BRDA:74,1,0,-
BRDA:74,1,1,23
DA:75,23
BRDA:75,2,0,-
BRDA:75,2,1,23
DA:77,23
DA:78,23
BRDA:78,3,0,-
BRDA:78,3,1,23
DA:79,23
DA:80,23
DA:81,23
DA:83,23
DA:84,23
DA:86,23
FN:89,ImpactCards_Gen1.mintBatch
FNDA:4,ImpactCards_Gen1.mintBatch
DA:90,4
BRDA:90,4,0,-
BRDA:90,4,1,4
DA:91,4
DA:92,4
DA:93,22
BRDA:93,5,0,-
BRDA:93,5,1,22
DA:94,22
BRDA:94,6,0,-
BRDA:94,6,1,22
DA:95,22
BRDA:95,7,0,-
BRDA:95,7,1,22
DA:96,22
BRDA:96,8,0,-
BRDA:96,8,1,22
DA:97,22
DA:98,22
DA:99,22
DA:100,22
DA:101,22
DA:102,22
DA:105,4
BRDA:105,9,0,-
BRDA:105,9,1,4
DA:106,4
DA:107,4
FN:110,ImpactCards_Gen1.mintHiddenCard
FNDA:0,ImpactCards_Gen1.mintHiddenCard
DA:117,0
BRDA:117,10,0,-
BRDA:117,10,1,-
DA:118,0
BRDA:118,11,0,-
BRDA:118,11,1,-
DA:119,0
BRDA:119,12,0,-
BRDA:119,12,1,-
DA:121,0
DA:122,0
BRDA:122,13,0,-
BRDA:122,13,1,-
DA:123,0
DA:124,0
DA:125,0
DA:127,0
DA:128,0
DA:130,0
FN:133,ImpactCards_Gen1.setCardProperties
FNDA:1,ImpactCards_Gen1.setCardProperties
DA:137,1
BRDA:137,14,0,-
BRDA:137,14,1,1
DA:138,1
FN:141,ImpactCards_Gen1.getCardProperties
FNDA:1,ImpactCards_Gen1.getCardProperties
DA:142,1
BRDA:142,15,0,-
BRDA:142,15,1,1
DA:143,1
FN:146,ImpactCards_Gen1.setPayees
FNDA:15,ImpactCards_Gen1.setPayees
DA:147,15
BRDA:147,16,0,-
BRDA:147,16,1,15
DA:148,15
BRDA:148,17,0,-
BRDA:148,17,1,15
DA:149,15
BRDA:149,18,0,-
BRDA:149,18,1,15
DA:150,15
BRDA:150,19,0,-
BRDA:150,19,1,15
DA:151,15
BRDA:151,20,0,-
BRDA:151,20,1,15
DA:152,15
DA:153,15
DA:154,15
DA:155,15
FN:158,ImpactCards_Gen1.release
FNDA:4,ImpactCards_Gen1.release
DA:164,4
BRDA:164,21,0,-
BRDA:164,21,1,4
DA:165,4
DA:166,4
DA:167,4
BRDA:167,22,0,-
BRDA:167,22,1,4
DA:169,4
DA:170,4
DA:171,4
DA:172,4
FN:175,ImpactCards_Gen1.nextSeason
FNDA:6,ImpactCards_Gen1.nextSeason
DA:176,6
BRDA:176,23,0,-
BRDA:176,23,1,6
DA:177,6
DA:178,6
FN:181,ImpactCards_Gen1.setMintPrice
FNDA:2,ImpactCards_Gen1.setMintPrice
DA:182,2
DA:183,2
FN:186,ImpactCards_Gen1.setBulkBuyLimit
FNDA:3,ImpactCards_Gen1.setBulkBuyLimit
DA:187,3
BRDA:187,24,0,-
BRDA:187,24,1,3
DA:188,3
BRDA:188,25,0,-
BRDA:188,25,1,3
DA:189,3
DA:190,3
FN:193,ImpactCards_Gen1.setBaseURI
FNDA:2,ImpactCards_Gen1.setBaseURI
DA:194,2
DA:195,2
FN:198,ImpactCards_Gen1.setBaseExtension
FNDA:2,ImpactCards_Gen1.setBaseExtension
DA:199,2
DA:200,2
FN:203,ImpactCards_Gen1.togglePaused
FNDA:3,ImpactCards_Gen1.togglePaused
DA:204,3
DA:205,3
FN:208,ImpactCards_Gen1.getPayees
FNDA:15,ImpactCards_Gen1.getPayees
DA:209,15
BRDA:209,26,0,-
BRDA:209,26,1,15
DA:210,15
FN:213,ImpactCards_Gen1.getShares
FNDA:15,ImpactCards_Gen1.getShares
DA:214,15
BRDA:214,27,0,-
BRDA:214,27,1,15
DA:215,15
FN:218,ImpactCards_Gen1.getAccumulatedFunds
FNDA:52,ImpactCards_Gen1.getAccumulatedFunds
DA:219,52
BRDA:219,28,0,-
BRDA:219,28,1,52
DA:220,52
FN:223,ImpactCards_Gen1.totalReleasedToPayee
FNDA:4,ImpactCards_Gen1.totalReleasedToPayee
DA:224,4
BRDA:224,29,0,-
BRDA:224,29,1,4
DA:225,4
FN:228,ImpactCards_Gen1.totalSupply
FNDA:7,ImpactCards_Gen1.totalSupply
DA:229,7
BRDA:229,30,0,-
BRDA:229,30,1,7
DA:230,7
FN:233,ImpactCards_Gen1.isMintable
FNDA:239,ImpactCards_Gen1.isMintable
DA:234,239
FN:237,ImpactCards_Gen1.uri
FNDA:4,ImpactCards_Gen1.uri
DA:244,4
BRDA:244,31,0,-
BRDA:244,31,1,4
DA:245,4
FN:248,ImpactCards_Gen1._isMintable
FNDA:284,ImpactCards_Gen1._isMintable
DA:249,284
BRDA:249,32,0,60
BRDA:249,32,1,224
DA:250,60
DA:251,224
BRDA:251,33,0,29
BRDA:251,33,1,195
DA:252,29
DA:253,195
BRDA:253,34,0,43
BRDA:253,34,1,152
DA:254,43
DA:255,152
BRDA:255,35,0,56
BRDA:255,35,1,96
DA:256,56
DA:258,96
DA:259,360
BRDA:259,36,0,16
BRDA:259,36,1,344
DA:260,16
DA:264,80
FN:266,ImpactCards_Gen1._beforeTokenTransfer
FNDA:27,ImpactCards_Gen1._beforeTokenTransfer
DA:274,27
FNF:22
FNH:21
LF:100
LH:89
BRF:74
BRH:38
end_of_record
