TN:
SF:script/Deploy.s.sol
FN:9,DeployScript.run
FNDA:0,DeployScript.run
DA:10,0
DA:12,0
DA:13,0
DA:14,0
DA:17,0
DA:18,0
DA:21,0
DA:22,0
DA:24,0
DA:25,0
DA:27,0
FNF:1
FNH:0
LF:11
LH:0
BRF:0
BRH:0
end_of_record
TN:
SF:src/ImpactCards.sol
FN:101,ImpactCards_Gen1.mint
FNDA:23,ImpactCards_Gen1.mint
DA:102,23
BRDA:102,0,0,-
BRDA:102,0,1,23
DA:103,23
BRDA:103,1,0,-
BRDA:103,1,1,23
DA:104,23
BRDA:104,2,0,-
BRDA:104,2,1,23
DA:106,23
DA:107,23
BRDA:107,3,0,-
BRDA:107,3,1,23
DA:108,23
DA:109,23
DA:110,23
DA:112,23
DA:113,23
DA:114,23
FN:122,ImpactCards_Gen1.mintBatch
FNDA:4,ImpactCards_Gen1.mintBatch
DA:123,4
BRDA:123,4,0,-
BRDA:123,4,1,4
DA:124,4
DA:125,4
DA:126,22
BRDA:126,5,0,-
BRDA:126,5,1,22
DA:127,22
BRDA:127,6,0,-
BRDA:127,6,1,22
DA:128,22
BRDA:128,7,0,-
BRDA:128,7,1,22
DA:129,22
BRDA:129,8,0,-
BRDA:129,8,1,22
DA:130,22
DA:131,22
DA:132,22
DA:133,22
DA:134,22
DA:135,22
DA:138,4
BRDA:138,9,0,-
BRDA:138,9,1,4
DA:139,4
DA:140,4
FN:147,ImpactCards_Gen1.setPayees
FNDA:15,ImpactCards_Gen1.setPayees
DA:148,15
BRDA:148,10,0,-
BRDA:148,10,1,15
DA:149,15
BRDA:149,11,0,-
BRDA:149,11,1,15
DA:150,15
BRDA:150,12,0,-
BRDA:150,12,1,15
DA:151,15
BRDA:151,13,0,-
BRDA:151,13,1,15
DA:152,15
BRDA:152,14,0,-
BRDA:152,14,1,15
DA:153,15
DA:154,15
DA:155,15
DA:156,15
FN:164,ImpactCards_Gen1.release
FNDA:4,ImpactCards_Gen1.release
DA:170,4
BRDA:170,15,0,-
BRDA:170,15,1,4
DA:171,4
DA:172,4
DA:173,4
BRDA:173,16,0,-
BRDA:173,16,1,4
DA:175,4
DA:176,4
DA:177,4
DA:178,4
FN:182,ImpactCards_Gen1.nextSeason
FNDA:6,ImpactCards_Gen1.nextSeason
DA:183,6
BRDA:183,17,0,-
BRDA:183,17,1,6
DA:184,6
DA:185,6
FN:190,ImpactCards_Gen1.setMintPrice
FNDA:2,ImpactCards_Gen1.setMintPrice
DA:191,2
DA:192,2
FN:197,ImpactCards_Gen1.setBulkBuyLimit
FNDA:3,ImpactCards_Gen1.setBulkBuyLimit
DA:198,3
BRDA:198,18,0,-
BRDA:198,18,1,3
DA:199,3
BRDA:199,19,0,-
BRDA:199,19,1,3
DA:200,3
DA:201,3
FN:206,ImpactCards_Gen1.setBaseURI
FNDA:2,ImpactCards_Gen1.setBaseURI
DA:207,2
DA:208,2
FN:213,ImpactCards_Gen1.setBaseExtension
FNDA:2,ImpactCards_Gen1.setBaseExtension
DA:214,2
DA:215,2
FN:220,ImpactCards_Gen1.togglePaused
FNDA:3,ImpactCards_Gen1.togglePaused
DA:221,3
DA:222,3
FN:227,ImpactCards_Gen1.releaseToAllPayees
FNDA:1,ImpactCards_Gen1.releaseToAllPayees
DA:228,1
DA:229,60
DA:230,120
DA:231,120
DA:232,120
BRDA:232,20,0,-
BRDA:232,20,1,8
DA:233,8
DA:234,8
DA:235,8
DA:236,8
FN:245,ImpactCards_Gen1.getPayees
FNDA:15,ImpactCards_Gen1.getPayees
DA:246,15
BRDA:246,21,0,-
BRDA:246,21,1,15
DA:247,15
FN:253,ImpactCards_Gen1.getShares
FNDA:15,ImpactCards_Gen1.getShares
DA:254,15
BRDA:254,22,0,-
BRDA:254,22,1,15
DA:255,15
FN:261,ImpactCards_Gen1.getAccumulatedFunds
FNDA:64,ImpactCards_Gen1.getAccumulatedFunds
DA:262,64
BRDA:262,23,0,-
BRDA:262,23,1,64
DA:263,64
FN:269,ImpactCards_Gen1.totalReleasedToPayee
FNDA:8,ImpactCards_Gen1.totalReleasedToPayee
DA:270,8
BRDA:270,24,0,-
BRDA:270,24,1,8
DA:271,8
FN:276,ImpactCards_Gen1.totalSupply
FNDA:7,ImpactCards_Gen1.totalSupply
DA:277,7
BRDA:277,25,0,-
BRDA:277,25,1,7
DA:278,7
FN:284,ImpactCards_Gen1.isMintable
FNDA:241,ImpactCards_Gen1.isMintable
DA:285,241
FN:291,ImpactCards_Gen1.uri
FNDA:4,ImpactCards_Gen1.uri
DA:292,4
BRDA:292,26,0,-
BRDA:292,26,1,4
DA:293,4
FN:300,ImpactCards_Gen1._isMintable
FNDA:286,ImpactCards_Gen1._isMintable
DA:301,286
BRDA:301,27,0,60
BRDA:301,27,1,226
DA:302,60
DA:303,226
BRDA:303,28,0,30
BRDA:303,28,1,196
DA:304,30
DA:305,196
BRDA:305,29,0,45
BRDA:305,29,1,151
DA:306,45
DA:307,151
BRDA:307,30,0,60
BRDA:307,30,1,91
DA:308,60
DA:310,91
FN:322,ImpactCards_Gen1._beforeTokenTransfer
FNDA:27,ImpactCards_Gen1._beforeTokenTransfer
DA:330,27
FNF:20
FNH:20
LF:91
LH:91
BRF:62
BRH:35
end_of_record
